<?xml version="1.0" encoding="UTF-8"?>
<!-- Generated by org.testng.reporters.JUnitReportReporter -->
<testsuite hostname="DESKTOP-F4T9PVL" failures="0" tests="2" name="tests.MyAccountLogIn" time="9.745" errors="0" timestamp="2022-03-05T13:48:45 EST" skipped="0">
  <testcase classname="tests.MyAccountLogIn" name="validUsernamePassword" time="6.680"/>
  <system-out/>
  <testcase classname="tests.MyAccountLogIn" name="invalidUsernamePassword" time="3.065"/>
  <system-out/>
</testsuite> <!-- tests.MyAccountLogIn -->
